-------------------------------------------------------------------------------
Test set: com.ticketbooking.BusTicketBookingApplicationTests
-------------------------------------------------------------------------------
Tests run: 1, Failures: 0, Errors: 1, Skipped: 0, Time elapsed: 26.333 s <<< FAILURE! - in com.ticketbooking.BusTicketBookingApplicationTests
com.ticketbooking.BusTicketBookingApplicationTests.contextLoads  Time elapsed: 0.019 s  <<< ERROR!
java.lang.IllegalStateException: Failed to load ApplicationContext for [WebMergedContextConfiguration@2fc94125 testClass = com.ticketbooking.BusTicketBookingApplicationTests, locations = [], classes = [com.ticketbooking.BusTicketBookingApplication], contextInitializerClasses = [], activeProfiles = [], propertySourceLocations = [], propertySourceProperties = ["org.springframework.boot.test.context.SpringBootTestContextBootstrapper=true"], contextCustomizers = [org.springframework.boot.test.context.filter.ExcludeFilterContextCustomizer@5db6b9cd, org.springframework.boot.test.json.DuplicateJsonObjectContextCustomizerFactory$DuplicateJsonObjectContextCustomizer@1be2019a, org.springframework.boot.test.mock.mockito.MockitoContextCustomizer@0, org.springframework.boot.test.web.client.TestRestTemplateContextCustomizer@6933b6c6, org.springframework.boot.test.autoconfigure.actuate.observability.ObservabilityContextCustomizerFactory$DisableObservabilityContextCustomizer@1f, org.springframework.boot.test.autoconfigure.properties.PropertyMappingContextCustomizer@0, org.springframework.boot.test.autoconfigure.web.servlet.WebDriverContextCustomizerFactory$Customizer@9816741, org.springframework.boot.test.context.SpringBootTestAnnotation@ff29f0b4], resourceBasePath = "src/main/webapp", contextLoader = org.springframework.boot.test.context.SpringBootContextLoader, parent = null]
Caused by: org.springframework.beans.factory.UnsatisfiedDependencyException: Error creating bean with name 'bookingController' defined in file [C:\Users\DELL\Desktop\ThucTap\BusTicketBooking\BusTicketBooking-Backend\target\classes\com\ticketbooking\controller\BookingController.class]: Unsatisfied dependency expressed through constructor parameter 0: Error creating bean with name 'bookingServiceImpl' defined in file [C:\Users\DELL\Desktop\ThucTap\BusTicketBooking\BusTicketBooking-Backend\target\classes\com\ticketbooking\service\impl\BookingServiceImpl.class]: Unsatisfied dependency expressed through constructor parameter 4: Error creating bean with name 'smsService' defined in file [C:\Users\DELL\Desktop\ThucTap\BusTicketBooking\BusTicketBooking-Backend\target\classes\com\ticketbooking\service\SmsService.class]: Failed to instantiate [com.ticketbooking.service.SmsService]: Constructor threw exception
Caused by: org.springframework.beans.factory.UnsatisfiedDependencyException: Error creating bean with name 'bookingServiceImpl' defined in file [C:\Users\DELL\Desktop\ThucTap\BusTicketBooking\BusTicketBooking-Backend\target\classes\com\ticketbooking\service\impl\BookingServiceImpl.class]: Unsatisfied dependency expressed through constructor parameter 4: Error creating bean with name 'smsService' defined in file [C:\Users\DELL\Desktop\ThucTap\BusTicketBooking\BusTicketBooking-Backend\target\classes\com\ticketbooking\service\SmsService.class]: Failed to instantiate [com.ticketbooking.service.SmsService]: Constructor threw exception
Caused by: org.springframework.beans.factory.BeanCreationException: Error creating bean with name 'smsService' defined in file [C:\Users\DELL\Desktop\ThucTap\BusTicketBooking\BusTicketBooking-Backend\target\classes\com\ticketbooking\service\SmsService.class]: Failed to instantiate [com.ticketbooking.service.SmsService]: Constructor threw exception
Caused by: org.springframework.beans.BeanInstantiationException: Failed to instantiate [com.ticketbooking.service.SmsService]: Constructor threw exception
Caused by: com.twilio.exception.AuthenticationException: Username can not be null

